<?xml version="1.0" encoding="UTF-8"?>
<!-- Generated by org.testng.reporters.JUnitReportReporter -->
<testsuite hostname="DESKTOP-QESH9RJ" failures="0" tests="5" name="com.runner.RunerClass" time="78.475" errors="0" timestamp="2022-12-13T22:09:46 IST" skipped="0">
  <testcase classname="com.runner.RunerClass" name="runScenario" time="12.632"/>
  <system-out/>
  <testcase classname="com.runner.RunerClass" name="runScenario" time="5.324"/>
  <system-out/>
  <testcase classname="com.runner.RunerClass" name="runScenario" time="13.193"/>
  <system-out/>
  <testcase classname="com.runner.RunerClass" name="runScenario" time="37.111"/>
  <system-out/>
  <testcase classname="com.runner.RunerClass" name="runScenario" time="10.215"/>
  <system-out/>
</testsuite> <!-- com.runner.RunerClass -->
