<?xml version="1.0" encoding="UTF-8"?>
<!-- Generated by org.testng.reporters.JUnitReportReporter -->
<testsuite hostname="DESKTOP-QESH9RJ" failures="0" tests="5" name="com.runner.RunerClass" time="78.393" errors="0" timestamp="2022-12-13T23:01:38 IST" skipped="0">
  <testcase classname="com.runner.RunerClass" name="runScenario" time="13.521"/>
  <system-out/>
  <testcase classname="com.runner.RunerClass" name="runScenario" time="10.075"/>
  <system-out/>
  <testcase classname="com.runner.RunerClass" name="runScenario" time="13.854"/>
  <system-out/>
  <testcase classname="com.runner.RunerClass" name="runScenario" time="4.785"/>
  <system-out/>
  <testcase classname="com.runner.RunerClass" name="runScenario" time="36.158"/>
  <system-out/>
</testsuite> <!-- com.runner.RunerClass -->
